[[1;34mINFO[m] Scanning for projects...
[[1;34mINFO[m] 
[[1;34mINFO[m] [1m--------------------< [0;36morg.security:product-service[0;1m >--------------------[m
[[1;34mINFO[m] [1mBuilding product-service 0.0.1-SNAPSHOT[m
[[1;34mINFO[m] [1m--------------------------------[ jar ]---------------------------------[m
[[1;34mINFO[m] 
[[1;34mINFO[m] [1m>>> [0;32mspring-boot-maven-plugin:3.5.9:run[m [1m(default-cli)[0;1m > [0;1mtest-compile[m @ [36mproduct-service[0;1m >>>[m
[[1;34mINFO[m] 
[[1;34mINFO[m] [1m--- [0;32mmaven-resources-plugin:3.3.1:resources[m [1m(default-resources)[m @ [36mproduct-service[0;1m ---[m
[[1;34mINFO[m] Copying 1 resource from src/main/resources to target/classes
[[1;34mINFO[m] Copying 3 resources from src/main/resources to target/classes
[[1;34mINFO[m] 
[[1;34mINFO[m] [1m--- [0;32mmaven-compiler-plugin:3.14.1:compile[m [1m(default-compile)[m @ [36mproduct-service[0;1m ---[m
[[1;34mINFO[m] Nothing to compile - all classes are up to date.
[[1;34mINFO[m] 
[[1;34mINFO[m] [1m--- [0;32mmaven-resources-plugin:3.3.1:testResources[m [1m(default-testResources)[m @ [36mproduct-service[0;1m ---[m
[[1;34mINFO[m] skip non existing resourceDirectory /home/malak/IdeaProjects/security-of-ds-project/product-service/src/test/resources
[[1;34mINFO[m] 
[[1;34mINFO[m] [1m--- [0;32mmaven-compiler-plugin:3.14.1:testCompile[m [1m(default-testCompile)[m @ [36mproduct-service[0;1m ---[m
[[1;34mINFO[m] Recompiling the module because of [1mchanged source code[m.
[[1;34mINFO[m] Compiling 2 source files with javac [debug parameters release 21] to target/test-classes
[[1;34mINFO[m] Some messages have been simplified; recompile with -Xdiags:verbose to get full output
[[1;34mINFO[m] -------------------------------------------------------------
[[1;31mERROR[m] COMPILATION ERROR : 
[[1;34mINFO[m] -------------------------------------------------------------
[[1;31mERROR[m] /home/malak/IdeaProjects/security-of-ds-project/product-service/src/test/java/org/security/productservice/service/ProductServiceTest.java:[41,30] incompatible types: double cannot be converted to java.math.BigDecimal
[[1;31mERROR[m] /home/malak/IdeaProjects/security-of-ds-project/product-service/src/test/java/org/security/productservice/service/ProductServiceTest.java:[47,33] incompatible types: double cannot be converted to java.math.BigDecimal
[[1;31mERROR[m] /home/malak/IdeaProjects/security-of-ds-project/product-service/src/test/java/org/security/productservice/service/ProductServiceTest.java:[97,31] incompatible types: double cannot be converted to java.math.BigDecimal
[[1;31mERROR[m] /home/malak/IdeaProjects/security-of-ds-project/product-service/src/test/java/org/security/productservice/service/ProductServiceTest.java:[118,34] incompatible types: double cannot be converted to java.math.BigDecimal
[[1;31mERROR[m] /home/malak/IdeaProjects/security-of-ds-project/product-service/src/test/java/org/security/productservice/service/ProductServiceTest.java:[125,33] incompatible types: double cannot be converted to java.math.BigDecimal
[[1;34mINFO[m] 5 errors 
[[1;34mINFO[m] -------------------------------------------------------------
[[1;34mINFO[m] [1m------------------------------------------------------------------------[m
[[1;34mINFO[m] [1;31mBUILD FAILURE[m
[[1;34mINFO[m] [1m------------------------------------------------------------------------[m
[[1;34mINFO[m] Total time:  2.805 s
[[1;34mINFO[m] Finished at: 2026-01-11T17:32:06+01:00
[[1;34mINFO[m] [1m------------------------------------------------------------------------[m
[[1;31mERROR[m] Failed to execute goal [32morg.apache.maven.plugins:maven-compiler-plugin:3.14.1:testCompile[m [1m(default-testCompile)[m on project [36mproduct-service[m: [1;31mCompilation failure[m: Compilation failure: 
[[1;31mERROR[m] /home/malak/IdeaProjects/security-of-ds-project/product-service/src/test/java/org/security/productservice/service/ProductServiceTest.java:[41,30] incompatible types: double cannot be converted to java.math.BigDecimal
[[1;31mERROR[m] /home/malak/IdeaProjects/security-of-ds-project/product-service/src/test/java/org/security/productservice/service/ProductServiceTest.java:[47,33] incompatible types: double cannot be converted to java.math.BigDecimal
[[1;31mERROR[m] /home/malak/IdeaProjects/security-of-ds-project/product-service/src/test/java/org/security/productservice/service/ProductServiceTest.java:[97,31] incompatible types: double cannot be converted to java.math.BigDecimal
[[1;31mERROR[m] /home/malak/IdeaProjects/security-of-ds-project/product-service/src/test/java/org/security/productservice/service/ProductServiceTest.java:[118,34] incompatible types: double cannot be converted to java.math.BigDecimal
[[1;31mERROR[m] /home/malak/IdeaProjects/security-of-ds-project/product-service/src/test/java/org/security/productservice/service/ProductServiceTest.java:[125,33] incompatible types: double cannot be converted to java.math.BigDecimal
[[1;31mERROR[m] -> [1m[Help 1][m
[[1;31mERROR[m] 
[[1;31mERROR[m] To see the full stack trace of the errors, re-run Maven with the [1m-e[m switch.
[[1;31mERROR[m] Re-run Maven using the [1m-X[m switch to enable full debug logging.
[[1;31mERROR[m] 
[[1;31mERROR[m] For more information about the errors and possible solutions, please read the following articles:
[[1;31mERROR[m] [1m[Help 1][m http://cwiki.apache.org/confluence/display/MAVEN/MojoFailureException
